<?xml version="1.0" encoding="UTF-8"?>
<testsuite xmlns:xsi="http://www.w3.org/2001/XMLSchema-instance" xsi:noNamespaceSchemaLocation="https://maven.apache.org/surefire/maven-surefire-plugin/xsd/surefire-test-report-3.0.xsd" version="3.0" name="TestSuite" time="21.897" tests="1" errors="0" skipped="0" failures="0">
  <properties>
[...]
</properties>
  <testcase name="TC_001" classname="com.amazon.testcases.TC_Login_001" time="11.136">
    <system-out><![CDATA[ INFO [main] (TC_Login_001.java:17)- URL open
 INFO [main] (TC_Login_001.java:27)- username entered
 INFO [main] (TC_Login_001.java:33)- password entered
Online Shopping site in India: Shop Online for Mobiles, Books, Watches, Shoes and More - Amazon.in
 INFO [main] (TC_Login_001.java:42)- TC passed
]]></system-out>
    <system-err><![CDATA[SLF4J: Failed to load class "org.slf4j.impl.StaticLoggerBinder".
SLF4J: Defaulting to no-operation (NOP) logger implementation
SLF4J: See http://www.slf4j.org/codes.html#StaticLoggerBinder for further details.
log4j:WARN No appenders could be found for logger (io.netty.util.internal.logging.InternalLoggerFactory).
log4j:WARN Please initialize the log4j system properly.
log4j:WARN See http://logging.apache.org/log4j/1.2/faq.html#noconfig for more info.
1685719726373	geckodriver	INFO	Listening on 127.0.0.1:54912
1685719726845	mozrunner::runner	INFO	Running command: "C:\\Program Files\\Mozilla Firefox\\firefox.exe" "--marionette" "--remote-debugging-port" "65341" "--remote-allow-hosts" "localhost" "-no-remote" "-profile" "C:\\Users\\90ami\\AppData\\Local\\Temp\\rust_mozprofileI9Yv6o"
console.warn: services.settings: Ignoring preference override of remote settings server
console.warn: services.settings: Allow by setting MOZ_REMOTE_SETTINGS_DEVTOOLS=1 in the environment
1685719727531	Marionette	INFO	Marionette enabled
Dynamically enable window occlusion 0
1685719727541	Marionette	INFO	Listening on port 49366
Read port: 49366
WebDriver BiDi listening on ws://127.0.0.1:65341
1685719727812	RemoteAgent	WARN	TLS certificate errors will be ignored for this session
[ERROR glean_core] Error setting metrics feature config: Json(Error("EOF while parsing a value", line: 1, column: 0))
DevTools listening on ws://127.0.0.1:65341/devtools/browser/a785c35e-8c36-46ee-829f-b647b9f07ed9
Jun 02, 2023 8:58:51 PM org.openqa.selenium.remote.ProtocolHandshake createSession
INFO: Detected dialect: W3C
JavaScript warning: https://www.amazon.in/ line 7 > injectedScript, line 1: WEBGL_debug_renderer_info is deprecated in Firefox and will be removed. Please use RENDERER.
JavaScript warning: https://www.amazon.in/ap/signin?openid.pape.max_auth_age=0&openid.return_to=https%3A%2F%2Fwww.amazon.in%2F%3F_encoding%3DUTF8%26ref_%3Dnav_ya_signin&openid.identity=http%3A%2F%2Fspecs.openid.net%2Fauth%2F2.0%2Fidentifier_select&openid.assoc_handle=inflex&openid.mode=checkid_setup&openid.claimed_id=http%3A%2F%2Fspecs.openid.net%2Fauth%2F2.0%2Fidentifier_select&openid.ns=http%3A%2F%2Fspecs.openid.net%2Fauth%2F2.0& line 7 > injectedScript, line 1: WEBGL_debug_renderer_info is deprecated in Firefox and will be removed. Please use RENDERER.
console.warn: LoginRecipes: "Falling back to a synchronous message for: https://www.amazon.in."
console.warn: LoginRecipes: "Falling back to a synchronous message for: https://www.amazon.in."
JavaScript warning: https://images-eu.ssl-images-amazon.com/images/I/81f9NikhmIL.js?AUIClients/FWCIMAssets, line 298: WEBGL_debug_renderer_info is deprecated in Firefox and will be removed. Please use RENDERER.
JavaScript warning: https://www.amazon.in/ap/signin line 7 > injectedScript, line 1: WEBGL_debug_renderer_info is deprecated in Firefox and will be removed. Please use RENDERER.
console.warn: LoginRecipes: "Falling back to a synchronous message for: https://www.amazon.in."
console.warn: LoginRecipes: "Falling back to a synchronous message for: https://www.amazon.in."
JavaScript warning: https://www.amazon.in/?_encoding=UTF8&ref_=nav_ya_signin line 7 > injectedScript, line 1: WEBGL_debug_renderer_info is deprecated in Firefox and will be removed. Please use RENDERER.
]]></system-err>
  </testcase>
</testsuite>