<?xml version="1.0" encoding="UTF-8"?>
<testng-results ignored="0" total="1" passed="1" failed="0" skipped="0">
  <reporter-output>
  </reporter-output>
  <suite started-at="2023-06-02T20:58:44 IST" name="Suite" finished-at="2023-06-02T20:59:05 IST" duration-ms="20396">
    <groups>
    </groups>
    <test started-at="2023-06-02T20:58:44 IST" name="Test" finished-at="2023-06-02T20:59:05 IST" duration-ms="20396">
      <class name="com.amazon.testcases.TC_Login_001">
        <test-method is-config="true" signature="setup(java.lang.String)[pri:0, instance:com.amazon.testcases.TC_Login_001@19bb07ed]" started-at="2023-06-02T20:58:45 IST" name="setup" finished-at="2023-06-02T20:58:51 IST" duration-ms="6350" status="PASS">
          <params>
            <param index="0">
              <value>
                <![CDATA[Firefox]]>
              </value>
            </param>
          </params>
          <reporter-output>
          </reporter-output>
        </test-method> <!-- setup -->
        <test-method signature="TC_001()[pri:0, instance:com.amazon.testcases.TC_Login_001@19bb07ed]" started-at="2023-06-02T20:58:51 IST" name="TC_001" finished-at="2023-06-02T20:59:02 IST" duration-ms="11127" status="PASS">
          <reporter-output>
          </reporter-output>
        </test-method> <!-- TC_001 -->
        <test-method is-config="true" signature="teardown()[pri:0, instance:com.amazon.testcases.TC_Login_001@19bb07ed]" started-at="2023-06-02T20:59:02 IST" name="teardown" finished-at="2023-06-02T20:59:05 IST" duration-ms="2522" status="PASS">
          <reporter-output>
          </reporter-output>
        </test-method> <!-- teardown -->
      </class> <!-- com.amazon.testcases.TC_Login_001 -->
    </test> <!-- Test -->
  </suite> <!-- Suite -->
</testng-results>
