<?xml version="1.0" encoding="UTF-8"?>
<testng-results ignored="0" total="1" passed="1" failed="0" skipped="0">
  <reporter-output>
  </reporter-output>
  <suite started-at="2023-05-30T11:56:21 IST" name="Suite" finished-at="2023-05-30T11:56:44 IST" duration-ms="22138">
    <groups>
    </groups>
    <test started-at="2023-05-30T11:56:21 IST" name="Test" finished-at="2023-05-30T11:56:44 IST" duration-ms="22138">
      <class name="com.amazon.testcases.TC_Login_001">
        <test-method is-config="true" signature="setup(java.lang.String)[pri:0, instance:com.amazon.testcases.TC_Login_001@323b36e0]" started-at="2023-05-30T11:56:22 IST" name="setup" finished-at="2023-05-30T11:56:28 IST" duration-ms="5950" status="PASS">
          <params>
            <param index="0">
              <value>
                <![CDATA[Firefox]]>
              </value>
            </param>
          </params>
          <reporter-output>
          </reporter-output>
        </test-method> <!-- setup -->
        <test-method signature="TC_001()[pri:0, instance:com.amazon.testcases.TC_Login_001@323b36e0]" started-at="2023-05-30T11:56:28 IST" name="TC_001" finished-at="2023-05-30T11:56:41 IST" duration-ms="13371" status="PASS">
          <reporter-output>
          </reporter-output>
        </test-method> <!-- TC_001 -->
        <test-method is-config="true" signature="teardown()[pri:0, instance:com.amazon.testcases.TC_Login_001@323b36e0]" started-at="2023-05-30T11:56:41 IST" name="teardown" finished-at="2023-05-30T11:56:44 IST" duration-ms="2466" status="PASS">
          <reporter-output>
          </reporter-output>
        </test-method> <!-- teardown -->
      </class> <!-- com.amazon.testcases.TC_Login_001 -->
    </test> <!-- Test -->
  </suite> <!-- Suite -->
</testng-results>
